# JRE version: OpenJDK Runtime Environment Temurin-21.0.8+9 (21.0.8+9) (build 21.0.8+9-LTS)
# Java VM: OpenJDK 64-Bit Server VM Temurin-21.0.8+9 (21.0.8+9-LTS, mixed mode, sharing, tiered, compressed oops, compressed class ptrs, parallel gc, windows-amd64)
GC Precious Log:
 CardTable entry size: 512
 CPUs: 8 total, 8 available
 Memory: 8044M
 Large Page Support: Disabled
 NUMA Support: Disabled
 Compressed Oops: Enabled (32-bit)
 Alignments: Space 512K, Generation 512K, Heap 2M
 Heap Min Capacity: 100M
 Heap Initial Capacity: 100M
 Heap Max Capacity: 2G
 Pre-touch: Disabled
 Parallel Workers: 8
Heap:
 PSYoungGen      total 7168K, used 985K [0x00000000d5580000, 0x00000000d5f80000, 0x0000000100000000)
  eden space 5120K, 12% used [0x00000000d5580000,0x00000000d56227a8,0x00000000d5a80000)
  from space 2048K, 16% used [0x00000000d5c00000,0x00000000d5c54010,0x00000000d5e00000)
  to   space 1024K, 0% used [0x00000000d5e80000,0x00000000d5e80000,0x00000000d5f80000)
 ParOldGen       total 464384K, used 463946K [0x0000000080000000, 0x000000009c580000, 0x00000000d5580000)
  object space 464384K, 99% used [0x0000000080000000,0x000000009c512ba8,0x000000009c580000)
 Metaspace       used 84941K, committed 86656K, reserved 1179648K
  class space    used 8741K, committed 9536K, reserved 1048576K
GC Heap History (20 events):
Event: 1418.614 GC heap before
{Heap before GC invocations=1288 (full 5):
 PSYoungGen      total 7680K, used 7679K [0x00000000d5580000, 0x00000000d6780000, 0x0000000100000000)
  eden space 5120K, 99% used [0x00000000d5580000,0x00000000d5a7fff8,0x00000000d5a80000)
  from space 2560K, 100% used [0x00000000d5b00000,0x00000000d5d80000,0x00000000d5d80000)
  to   space 6656K, 0% used [0x00000000d6100000,0x00000000d6100000,0x00000000d6780000)
 ParOldGen       total 453120K, used 452215K [0x0000000080000000, 0x000000009ba80000, 0x00000000d5580000)
  object space 453120K, 99% used [0x0000000080000000,0x000000009b99dc88,0x000000009ba80000)
 Metaspace       used 84857K, committed 86528K, reserved 1179648K
  class space    used 8741K, committed 9536K, reserved 1048576K
}
Event: 1418.621 GC heap after
{Heap after GC invocations=1288 (full 5):
 PSYoungGen      total 8704K, used 3392K [0x00000000d5580000, 0x00000000d6480000, 0x0000000100000000)
  eden space 5120K, 0% used [0x00000000d5580000,0x00000000d5580000,0x00000000d5a80000)
  from space 3584K, 94% used [0x00000000d6100000,0x00000000d6450000,0x00000000d6480000)
  to   space 4608K, 0% used [0x00000000d5b80000,0x00000000d5b80000,0x00000000d6000000)
 ParOldGen       total 455168K, used 454731K [0x0000000080000000, 0x000000009bc80000, 0x00000000d5580000)
  object space 455168K, 99% used [0x0000000080000000,0x000000009bc12c98,0x000000009bc80000)
 Metaspace       used 84857K, committed 86528K, reserved 1179648K
  class space    used 8741K, committed 9536K, reserved 1048576K
}
Event: 1419.090 GC heap before
{Heap before GC invocations=1289 (full 5):
 PSYoungGen      total 8704K, used 8512K [0x00000000d5580000, 0x00000000d6480000, 0x0000000100000000)
  eden space 5120K, 100% used [0x00000000d5580000,0x00000000d5a80000,0x00000000d5a80000)
  from space 3584K, 94% used [0x00000000d6100000,0x00000000d6450000,0x00000000d6480000)
  to   space 4608K, 0% used [0x00000000d5b80000,0x00000000d5b80000,0x00000000d6000000)
 ParOldGen       total 455168K, used 454731K [0x0000000080000000, 0x000000009bc80000, 0x00000000d5580000)
  object space 455168K, 99% used [0x0000000080000000,0x000000009bc12c98,0x000000009bc80000)
 Metaspace       used 84865K, committed 86528K, reserved 1179648K
  class space    used 8741K, committed 9536K, reserved 1048576K
}
Event: 1419.094 GC heap after
{Heap after GC invocations=1289 (full 5):
 PSYoungGen      total 6144K, used 564K [0x00000000d5580000, 0x00000000d6180000, 0x0000000100000000)
  eden space 5120K, 0% used [0x00000000d5580000,0x00000000d5580000,0x00000000d5a80000)
  from space 1024K, 55% used [0x00000000d5b80000,0x00000000d5c0d200,0x00000000d5c80000)
  to   space 2048K, 0% used [0x00000000d5f80000,0x00000000d5f80000,0x00000000d6180000)
 ParOldGen       total 458240K, used 458019K [0x0000000080000000, 0x000000009bf80000, 0x00000000d5580000)
  object space 458240K, 99% used [0x0000000080000000,0x000000009bf48c98,0x000000009bf80000)
 Metaspace       used 84865K, committed 86528K, reserved 1179648K
  class space    used 8741K, committed 9536K, reserved 1048576K
}
Event: 1419.102 GC heap before
{Heap before GC invocations=1290 (full 5):
 PSYoungGen      total 6144K, used 5684K [0x00000000d5580000, 0x00000000d6180000, 0x0000000100000000)
  eden space 5120K, 100% used [0x00000000d5580000,0x00000000d5a80000,0x00000000d5a80000)
  from space 1024K, 55% used [0x00000000d5b80000,0x00000000d5c0d200,0x00000000d5c80000)
  to   space 2048K, 0% used [0x00000000d5f80000,0x00000000d5f80000,0x00000000d6180000)
 ParOldGen       total 458240K, used 458019K [0x0000000080000000, 0x000000009bf80000, 0x00000000d5580000)
  object space 458240K, 99% used [0x0000000080000000,0x000000009bf48c98,0x000000009bf80000)
 Metaspace       used 84879K, committed 86528K, reserved 1179648K
  class space    used 8741K, committed 9536K, reserved 1048576K
}
Event: 1419.107 GC heap after
{Heap after GC invocations=1290 (full 5):
 PSYoungGen      total 6144K, used 772K [0x00000000d5580000, 0x00000000d6080000, 0x0000000100000000)
  eden space 5120K, 0% used [0x00000000d5580000,0x00000000d5580000,0x00000000d5a80000)
  from space 1024K, 75% used [0x00000000d5f80000,0x00000000d6041210,0x00000000d6080000)
  to   space 1024K, 0% used [0x00000000d5b80000,0x00000000d5b80000,0x00000000d5c80000)
 ParOldGen       total 458752K, used 458495K [0x0000000080000000, 0x000000009c000000, 0x00000000d5580000)
  object space 458752K, 99% used [0x0000000080000000,0x000000009bfbfea8,0x000000009c000000)
 Metaspace       used 84879K, committed 86528K, reserved 1179648K
  class space    used 8741K, committed 9536K, reserved 1048576K
}
Event: 1421.238 GC heap before
{Heap before GC invocations=1291 (full 5):
 PSYoungGen      total 6144K, used 5892K [0x00000000d5580000, 0x00000000d6080000, 0x0000000100000000)
  eden space 5120K, 99% used [0x00000000d5580000,0x00000000d5a7fff0,0x00000000d5a80000)
  from space 1024K, 75% used [0x00000000d5f80000,0x00000000d6041210,0x00000000d6080000)
  to   space 1024K, 0% used [0x00000000d5b80000,0x00000000d5b80000,0x00000000d5c80000)
 ParOldGen       total 458752K, used 458495K [0x0000000080000000, 0x000000009c000000, 0x00000000d5580000)
  object space 458752K, 99% used [0x0000000080000000,0x000000009bfbfea8,0x000000009c000000)
 Metaspace       used 84883K, committed 86528K, reserved 1179648K
  class space    used 8741K, committed 9536K, reserved 1048576K
}
Event: 1421.241 GC heap after
{Heap after GC invocations=1291 (full 5):
 PSYoungGen      total 6144K, used 346K [0x00000000d5580000, 0x00000000d6000000, 0x0000000100000000)
  eden space 5120K, 0% used [0x00000000d5580000,0x00000000d5580000,0x00000000d5a80000)
  from space 1024K, 33% used [0x00000000d5b80000,0x00000000d5bd6920,0x00000000d5c80000)
  to   space 1024K, 0% used [0x00000000d5f00000,0x00000000d5f00000,0x00000000d6000000)
 ParOldGen       total 459264K, used 458827K [0x0000000080000000, 0x000000009c080000, 0x00000000d5580000)
  object space 459264K, 99% used [0x0000000080000000,0x000000009c012eb8,0x000000009c080000)
 Metaspace       used 84883K, committed 86528K, reserved 1179648K
  class space    used 8741K, committed 9536K, reserved 1048576K
}
Event: 1421.250 GC heap before
{Heap before GC invocations=1292 (full 5):
 PSYoungGen      total 6144K, used 5466K [0x00000000d5580000, 0x00000000d6000000, 0x0000000100000000)
  eden space 5120K, 100% used [0x00000000d5580000,0x00000000d5a80000,0x00000000d5a80000)
  from space 1024K, 33% used [0x00000000d5b80000,0x00000000d5bd6920,0x00000000d5c80000)
  to   space 1024K, 0% used [0x00000000d5f00000,0x00000000d5f00000,0x00000000d6000000)
 ParOldGen       total 459264K, used 458827K [0x0000000080000000, 0x000000009c080000, 0x00000000d5580000)
  object space 459264K, 99% used [0x0000000080000000,0x000000009c012eb8,0x000000009c080000)
 Metaspace       used 84883K, committed 86528K, reserved 1179648K
  class space    used 8741K, committed 9536K, reserved 1048576K
}
Event: 1421.252 GC heap after
{Heap after GC invocations=1292 (full 5):
 PSYoungGen      total 6144K, used 544K [0x00000000d5580000, 0x00000000d6000000, 0x0000000100000000)
  eden space 5120K, 0% used [0x00000000d5580000,0x00000000d5580000,0x00000000d5a80000)
  from space 1024K, 53% used [0x00000000d5f00000,0x00000000d5f88000,0x00000000d6000000)
  to   space 1024K, 0% used [0x00000000d5b80000,0x00000000d5b80000,0x00000000d5c80000)
 ParOldGen       total 459264K, used 459072K [0x0000000080000000, 0x000000009c080000, 0x00000000d5580000)
  object space 459264K, 99% used [0x0000000080000000,0x000000009c0500d8,0x000000009c080000)
 Metaspace       used 84883K, committed 86528K, reserved 1179648K
  class space    used 8741K, committed 9536K, reserved 1048576K
}
Event: 1421.265 GC heap before
{Heap before GC invocations=1293 (full 5):
 PSYoungGen      total 6144K, used 5664K [0x00000000d5580000, 0x00000000d6000000, 0x0000000100000000)
  eden space 5120K, 100% used [0x00000000d5580000,0x00000000d5a80000,0x00000000d5a80000)
  from space 1024K, 53% used [0x00000000d5f00000,0x00000000d5f88000,0x00000000d6000000)
  to   space 1024K, 0% used [0x00000000d5b80000,0x00000000d5b80000,0x00000000d5c80000)
 ParOldGen       total 459264K, used 459072K [0x0000000080000000, 0x000000009c080000, 0x00000000d5580000)
  object space 459264K, 99% used [0x0000000080000000,0x000000009c0500d8,0x000000009c080000)
 Metaspace       used 84883K, committed 86528K, reserved 1179648K
  class space    used 8741K, committed 9536K, reserved 1048576K
}
Event: 1421.269 GC heap after
{Heap after GC invocations=1293 (full 5):
 PSYoungGen      total 6144K, used 1022K [0x00000000d5580000, 0x00000000d6480000, 0x0000000100000000)
  eden space 5120K, 0% used [0x00000000d5580000,0x00000000d5580000,0x00000000d5a80000)
  from space 1024K, 99% used [0x00000000d5b80000,0x00000000d5c7f8b0,0x00000000d5c80000)
  to   space 5120K, 0% used [0x00000000d5f80000,0x00000000d5f80000,0x00000000d6480000)
 ParOldGen       total 462336K, used 462068K [0x0000000080000000, 0x000000009c380000, 0x00000000d5580000)
  object space 462336K, 99% used [0x0000000080000000,0x000000009c33d0e8,0x000000009c380000)
 Metaspace       used 84883K, committed 86528K, reserved 1179648K
  class space    used 8741K, committed 9536K, reserved 1048576K
}
Event: 1421.283 GC heap before
{Heap before GC invocations=1294 (full 5):
 PSYoungGen      total 6144K, used 6142K [0x00000000d5580000, 0x00000000d6480000, 0x0000000100000000)
  eden space 5120K, 100% used [0x00000000d5580000,0x00000000d5a80000,0x00000000d5a80000)
  from space 1024K, 99% used [0x00000000d5b80000,0x00000000d5c7f8b0,0x00000000d5c80000)
  to   space 5120K, 0% used [0x00000000d5f80000,0x00000000d5f80000,0x00000000d6480000)
 ParOldGen       total 462336K, used 462068K [0x0000000080000000, 0x000000009c380000, 0x00000000d5580000)
  object space 462336K, 99% used [0x0000000080000000,0x000000009c33d0e8,0x000000009c380000)
 Metaspace       used 84883K, committed 86528K, reserved 1179648K
  class space    used 8741K, committed 9536K, reserved 1048576K
}
Event: 1421.285 GC heap after
{Heap after GC invocations=1294 (full 5):
 PSYoungGen      total 5632K, used 474K [0x00000000d5580000, 0x00000000d6000000, 0x0000000100000000)
  eden space 5120K, 0% used [0x00000000d5580000,0x00000000d5580000,0x00000000d5a80000)
  from space 512K, 92% used [0x00000000d5f80000,0x00000000d5ff6900,0x00000000d6000000)
  to   space 2048K, 0% used [0x00000000d5c00000,0x00000000d5c00000,0x00000000d5e00000)
 ParOldGen       total 463360K, used 463114K [0x0000000080000000, 0x000000009c480000, 0x00000000d5580000)
  object space 463360K, 99% used [0x0000000080000000,0x000000009c442998,0x000000009c480000)
 Metaspace       used 84883K, committed 86528K, reserved 1179648K
  class space    used 8741K, committed 9536K, reserved 1048576K
}
Event: 1421.291 GC heap before
{Heap before GC invocations=1295 (full 5):
 PSYoungGen      total 5632K, used 5594K [0x00000000d5580000, 0x00000000d6000000, 0x0000000100000000)
  eden space 5120K, 100% used [0x00000000d5580000,0x00000000d5a80000,0x00000000d5a80000)
  from space 512K, 92% used [0x00000000d5f80000,0x00000000d5ff6900,0x00000000d6000000)
  to   space 2048K, 0% used [0x00000000d5c00000,0x00000000d5c00000,0x00000000d5e00000)
 ParOldGen       total 463360K, used 463114K [0x0000000080000000, 0x000000009c480000, 0x00000000d5580000)
  object space 463360K, 99% used [0x0000000080000000,0x000000009c442998,0x000000009c480000)
 Metaspace       used 84883K, committed 86528K, reserved 1179648K
  class space    used 8741K, committed 9536K, reserved 1048576K
}
Event: 1421.292 GC heap after
{Heap after GC invocations=1295 (full 5):
 PSYoungGen      total 7168K, used 512K [0x00000000d5580000, 0x00000000d6000000, 0x0000000100000000)
  eden space 5120K, 0% used [0x00000000d5580000,0x00000000d5580000,0x00000000d5a80000)
  from space 2048K, 25% used [0x00000000d5c00000,0x00000000d5c80000,0x00000000d5e00000)
  to   space 1024K, 0% used [0x00000000d5f00000,0x00000000d5f00000,0x00000000d6000000)
 ParOldGen       total 463872K, used 463486K [0x0000000080000000, 0x000000009c500000, 0x00000000d5580000)
  object space 463872K, 99% used [0x0000000080000000,0x000000009c49fb98,0x000000009c500000)
 Metaspace       used 84883K, committed 86528K, reserved 1179648K
  class space    used 8741K, committed 9536K, reserved 1048576K
}
Event: 1421.306 GC heap before
{Heap before GC invocations=1296 (full 5):
 PSYoungGen      total 7168K, used 5631K [0x00000000d5580000, 0x00000000d6000000, 0x0000000100000000)
  eden space 5120K, 99% used [0x00000000d5580000,0x00000000d5a7ffc8,0x00000000d5a80000)
  from space 2048K, 25% used [0x00000000d5c00000,0x00000000d5c80000,0x00000000d5e00000)
  to   space 1024K, 0% used [0x00000000d5f00000,0x00000000d5f00000,0x00000000d6000000)
 ParOldGen       total 463872K, used 463486K [0x0000000080000000, 0x000000009c500000, 0x00000000d5580000)
  object space 463872K, 99% used [0x0000000080000000,0x000000009c49fb98,0x000000009c500000)
 Metaspace       used 84883K, committed 86528K, reserved 1179648K
  class space    used 8741K, committed 9536K, reserved 1048576K
}
Event: 1421.308 GC heap after
{Heap after GC invocations=1296 (full 5):
 PSYoungGen      total 6144K, used 1022K [0x00000000d5580000, 0x00000000d6000000, 0x0000000100000000)
  eden space 5120K, 0% used [0x00000000d5580000,0x00000000d5580000,0x00000000d5a80000)
  from space 1024K, 99% used [0x00000000d5f00000,0x00000000d5fff8b0,0x00000000d6000000)
  to   space 2048K, 0% used [0x00000000d5c00000,0x00000000d5c00000,0x00000000d5e00000)
 ParOldGen       total 464384K, used 463890K [0x0000000080000000, 0x000000009c580000, 0x00000000d5580000)
  object space 464384K, 99% used [0x0000000080000000,0x000000009c504ba8,0x000000009c580000)
 Metaspace       used 84883K, committed 86528K, reserved 1179648K
  class space    used 8741K, committed 9536K, reserved 1048576K
}
Event: 1697.456 GC heap before
{Heap before GC invocations=1297 (full 5):
 PSYoungGen      total 6144K, used 6142K [0x00000000d5580000, 0x00000000d6000000, 0x0000000100000000)
  eden space 5120K, 100% used [0x00000000d5580000,0x00000000d5a80000,0x00000000d5a80000)
  from space 1024K, 99% used [0x00000000d5f00000,0x00000000d5fff8b0,0x00000000d6000000)
  to   space 2048K, 0% used [0x00000000d5c00000,0x00000000d5c00000,0x00000000d5e00000)
 ParOldGen       total 464384K, used 463890K [0x0000000080000000, 0x000000009c580000, 0x00000000d5580000)
  object space 464384K, 99% used [0x0000000080000000,0x000000009c504ba8,0x000000009c580000)
 Metaspace       used 84890K, committed 86592K, reserved 1179648K
  class space    used 8741K, committed 9536K, reserved 1048576K
}
Event: 1697.541 GC heap after
{Heap after GC invocations=1297 (full 5):
 PSYoungGen      total 7168K, used 336K [0x00000000d5580000, 0x00000000d5f80000, 0x0000000100000000)
  eden space 5120K, 0% used [0x00000000d5580000,0x00000000d5580000,0x00000000d5a80000)
  from space 2048K, 16% used [0x00000000d5c00000,0x00000000d5c54010,0x00000000d5e00000)
  to   space 1024K, 0% used [0x00000000d5e80000,0x00000000d5e80000,0x00000000d5f80000)
 ParOldGen       total 464384K, used 463946K [0x0000000080000000, 0x000000009c580000, 0x00000000d5580000)
  object space 464384K, 99% used [0x0000000080000000,0x000000009c512ba8,0x000000009c580000)
 Metaspace       used 84890K, committed 86592K, reserved 1179648K
  class space    used 8741K, committed 9536K, reserved 1048576K
}

